<?xml version="1.0" encoding="UTF-8"?>
<robot generator="Robot 3.2.2 (Python 3.9.1 on win32)" generated="20210204 19:36:34.973" rpa="false">
<suite id="s1" name="Test1" source="C:\Users\Regine\eclipse-workspace\MyThirdRobotProjet\TestCases\Test1.robot">
<test id="s1-t1" name="loginTest1">
<kw name="Open Browser" library="SeleniumLibrary">
<doc>Opens a new browser instance to the optional ``url``.</doc>
<arguments>
<arg>https://opensource-demo.orangehrmlive.com/</arg>
<arg>ff</arg>
</arguments>
<msg timestamp="20210204 19:36:35.472" level="INFO">Opening browser 'ff' to base url 'https://opensource-demo.orangehrmlive.com/'.</msg>
<msg timestamp="20210204 19:36:35.473" level="INFO">Firefox driver log is always forced to to: C:\Users\Regine\eclipse-workspace\MyThirdRobotProjet\geckodriver-6.log</msg>
<status status="PASS" starttime="20210204 19:36:35.471" endtime="20210204 19:36:49.000"></status>
</kw>
<kw name="Maximize Browser Window" library="SeleniumLibrary">
<doc>Maximizes current browser window.</doc>
<status status="PASS" starttime="20210204 19:36:49.011" endtime="20210204 19:36:49.025"></status>
</kw>
<kw name="Set Selenium Speed" library="SeleniumLibrary">
<doc>Sets the delay that is waited after each Selenium command.</doc>
<arguments>
<arg>5s</arg>
</arguments>
<status status="PASS" starttime="20210204 19:36:49.026" endtime="20210204 19:36:49.026"></status>
</kw>
<kw name="Input Text" library="SeleniumLibrary">
<doc>Types the given ``text`` into the text field identified by ``locator``.</doc>
<arguments>
<arg>xpath=//input[@id='txtUsername']</arg>
<arg>Admin</arg>
</arguments>
<msg timestamp="20210204 19:36:49.027" level="INFO">Typing text 'Admin' into text field 'xpath=//input[@id='txtUsername']'.</msg>
<status status="PASS" starttime="20210204 19:36:49.027" endtime="20210204 19:37:04.103"></status>
</kw>
<kw name="Input Text" library="SeleniumLibrary">
<doc>Types the given ``text`` into the text field identified by ``locator``.</doc>
<arguments>
<arg>xpath=//input[@id='txtPassword']</arg>
<arg>admin123</arg>
</arguments>
<msg timestamp="20210204 19:37:04.104" level="INFO">Typing text 'admin123' into text field 'xpath=//input[@id='txtPassword']'.</msg>
<status status="PASS" starttime="20210204 19:37:04.103" endtime="20210204 19:37:19.138"></status>
</kw>
<kw name="Click Button" library="SeleniumLibrary">
<doc>Clicks the button identified by ``locator``.</doc>
<arguments>
<arg>xpath=//input[@id='btnLogin']</arg>
</arguments>
<msg timestamp="20210204 19:37:19.140" level="INFO">Clicking button 'xpath=//input[@id='btnLogin']'.</msg>
<status status="PASS" starttime="20210204 19:37:19.139" endtime="20210204 19:37:35.615"></status>
</kw>
<status status="PASS" starttime="20210204 19:36:35.470" endtime="20210204 19:37:35.616" critical="yes"></status>
</test>
<test id="s1-t2" name="logoutTest2">
<kw name="Open Browser" library="SeleniumLibrary">
<doc>Opens a new browser instance to the optional ``url``.</doc>
<arguments>
<arg>https://opensource-demo.orangehrmlive.com/</arg>
<arg>ff</arg>
</arguments>
<msg timestamp="20210204 19:37:35.619" level="INFO">Opening browser 'ff' to base url 'https://opensource-demo.orangehrmlive.com/'.</msg>
<msg timestamp="20210204 19:37:35.620" level="INFO">Firefox driver log is always forced to to: C:\Users\Regine\eclipse-workspace\MyThirdRobotProjet\geckodriver-7.log</msg>
<status status="PASS" starttime="20210204 19:37:35.618" endtime="20210204 19:37:53.114"></status>
</kw>
<kw name="Maximize Browser Window" library="SeleniumLibrary">
<doc>Maximizes current browser window.</doc>
<status status="PASS" starttime="20210204 19:37:53.114" endtime="20210204 19:37:58.117"></status>
</kw>
<kw name="Set Selenium Speed" library="SeleniumLibrary">
<doc>Sets the delay that is waited after each Selenium command.</doc>
<arguments>
<arg>5s</arg>
</arguments>
<status status="PASS" starttime="20210204 19:37:58.122" endtime="20210204 19:37:58.123"></status>
</kw>
<kw name="Input Text" library="SeleniumLibrary">
<doc>Types the given ``text`` into the text field identified by ``locator``.</doc>
<arguments>
<arg>xpath=//input[@id='txtUsername']</arg>
<arg>Admin</arg>
</arguments>
<msg timestamp="20210204 19:37:58.124" level="INFO">Typing text 'Admin' into text field 'xpath=//input[@id='txtUsername']'.</msg>
<status status="PASS" starttime="20210204 19:37:58.123" endtime="20210204 19:38:13.171"></status>
</kw>
<kw name="Input Text" library="SeleniumLibrary">
<doc>Types the given ``text`` into the text field identified by ``locator``.</doc>
<arguments>
<arg>xpath=//input[@id='txtPassword']</arg>
<arg>admin123</arg>
</arguments>
<msg timestamp="20210204 19:38:13.172" level="INFO">Typing text 'admin123' into text field 'xpath=//input[@id='txtPassword']'.</msg>
<status status="PASS" starttime="20210204 19:38:13.171" endtime="20210204 19:38:28.205"></status>
</kw>
<kw name="Click Button" library="SeleniumLibrary">
<doc>Clicks the button identified by ``locator``.</doc>
<arguments>
<arg>xpath=//input[@id='btnLogin']</arg>
</arguments>
<msg timestamp="20210204 19:38:28.206" level="INFO">Clicking button 'xpath=//input[@id='btnLogin']'.</msg>
<status status="PASS" starttime="20210204 19:38:28.206" endtime="20210204 19:38:44.875"></status>
</kw>
<kw name="Click Link" library="SeleniumLibrary">
<doc>Clicks a link identified by ``locator``.</doc>
<arguments>
<arg>xpath=//a[@id='welcome']</arg>
</arguments>
<msg timestamp="20210204 19:38:44.877" level="INFO">Clicking link 'xpath=//a[@id='welcome']'.</msg>
<status status="PASS" starttime="20210204 19:38:44.876" endtime="20210204 19:39:00.134"></status>
</kw>
<kw name="Click Link" library="SeleniumLibrary">
<doc>Clicks a link identified by ``locator``.</doc>
<arguments>
<arg>link=Logout</arg>
</arguments>
<msg timestamp="20210204 19:39:00.135" level="INFO">Clicking link 'link=Logout'.</msg>
<status status="PASS" starttime="20210204 19:39:00.135" endtime="20210204 19:39:16.007"></status>
</kw>
<status status="PASS" starttime="20210204 19:37:35.618" endtime="20210204 19:39:16.008" critical="yes"></status>
</test>
<test id="s1-t3" name="loginTest3">
<kw name="Open Browser" library="SeleniumLibrary">
<doc>Opens a new browser instance to the optional ``url``.</doc>
<arguments>
<arg>https://opensource-demo.orangehrmlive.com/</arg>
<arg>ff</arg>
</arguments>
<msg timestamp="20210204 19:39:16.011" level="INFO">Opening browser 'ff' to base url 'https://opensource-demo.orangehrmlive.com/'.</msg>
<msg timestamp="20210204 19:39:16.014" level="INFO">Firefox driver log is always forced to to: C:\Users\Regine\eclipse-workspace\MyThirdRobotProjet\geckodriver-8.log</msg>
<status status="PASS" starttime="20210204 19:39:16.011" endtime="20210204 19:39:34.141"></status>
</kw>
<kw name="Maximize Browser Window" library="SeleniumLibrary">
<doc>Maximizes current browser window.</doc>
<status status="PASS" starttime="20210204 19:39:34.142" endtime="20210204 19:39:39.146"></status>
</kw>
<kw name="Get Selenium Timeout" library="SeleniumLibrary">
<doc>Gets the timeout that is used by various keywords.</doc>
<assign>
<var>${timeout}</var>
</assign>
<msg timestamp="20210204 19:39:39.147" level="INFO">${timeout} = 5 seconds</msg>
<status status="PASS" starttime="20210204 19:39:39.146" endtime="20210204 19:39:39.147"></status>
</kw>
<kw name="Log To Console" library="BuiltIn">
<doc>Logs the given message to the console.</doc>
<arguments>
<arg>${timeout}</arg>
</arguments>
<status status="PASS" starttime="20210204 19:39:39.147" endtime="20210204 19:39:39.148"></status>
</kw>
<kw name="Set Selenium Timeout" library="SeleniumLibrary">
<doc>Sets the timeout that is used by various keywords.</doc>
<arguments>
<arg>20s</arg>
</arguments>
<kw name="Capture Page Screenshot" library="SeleniumLibrary">
<doc>Takes a screenshot of the current page and embeds it into a log file.</doc>
<msg timestamp="20210204 19:39:50.121" level="INFO" html="yes">&lt;/td&gt;&lt;/tr&gt;&lt;tr&gt;&lt;td colspan="3"&gt;&lt;a href="selenium-screenshot-4.png"&gt;&lt;img src="selenium-screenshot-4.png" width="800px"&gt;&lt;/a&gt;</msg>
<status status="PASS" starttime="20210204 19:39:44.978" endtime="20210204 19:39:50.122"></status>
</kw>
<msg timestamp="20210204 19:39:51.263" level="FAIL">WebDriverException: Message: Failed to decode response from marionette
</msg>
<status status="FAIL" starttime="20210204 19:39:39.149" endtime="20210204 19:39:51.263"></status>
</kw>
<status status="FAIL" starttime="20210204 19:39:16.010" endtime="20210204 19:39:51.264" critical="yes">WebDriverException: Message: Failed to decode response from marionette
</status>
</test>
<test id="s1-t4" name="loginTest4">
<kw name="Open Browser" library="SeleniumLibrary">
<doc>Opens a new browser instance to the optional ``url``.</doc>
<arguments>
<arg>https://opensource-demo.orangehrmlive.com/</arg>
<arg>ff</arg>
</arguments>
<msg timestamp="20210204 19:39:51.268" level="INFO">Opening browser 'ff' to base url 'https://opensource-demo.orangehrmlive.com/'.</msg>
<msg timestamp="20210204 19:39:51.271" level="INFO">Firefox driver log is always forced to to: C:\Users\Regine\eclipse-workspace\MyThirdRobotProjet\geckodriver-9.log</msg>
<status status="PASS" starttime="20210204 19:39:51.268" endtime="20210204 19:40:14.733"></status>
</kw>
<kw name="Maximize Browser Window" library="SeleniumLibrary">
<doc>Maximizes current browser window.</doc>
<status status="PASS" starttime="20210204 19:40:14.734" endtime="20210204 19:40:19.738"></status>
</kw>
<kw name="Input Text" library="SeleniumLibrary">
<doc>Types the given ``text`` into the text field identified by ``locator``.</doc>
<arguments>
<arg>xpath=//input[@id='txtUsername']</arg>
<arg>Admin</arg>
</arguments>
<msg timestamp="20210204 19:40:19.739" level="INFO">Typing text 'Admin' into text field 'xpath=//input[@id='txtUsername']'.</msg>
<status status="PASS" starttime="20210204 19:40:19.739" endtime="20210204 19:40:34.789"></status>
</kw>
<kw name="Input Text" library="SeleniumLibrary">
<doc>Types the given ``text`` into the text field identified by ``locator``.</doc>
<arguments>
<arg>xpath=//input[@id='txtPassword']</arg>
<arg>admin123</arg>
</arguments>
<msg timestamp="20210204 19:40:34.791" level="INFO">Typing text 'admin123' into text field 'xpath=//input[@id='txtPassword']'.</msg>
<kw name="Capture Page Screenshot" library="SeleniumLibrary">
<doc>Takes a screenshot of the current page and embeds it into a log file.</doc>
<msg timestamp="20210204 19:40:41.705" level="FAIL">InvalidSessionIdException: Message: Tried to run command without establishing a connection
</msg>
<status status="FAIL" starttime="20210204 19:40:41.663" endtime="20210204 19:40:41.706"></status>
</kw>
<msg timestamp="20210204 19:40:41.706" level="WARN">Keyword 'Capture Page Screenshot' could not be run on failure: InvalidSessionIdException: Message: Tried to run command without establishing a connection
</msg>
<msg timestamp="20210204 19:40:42.485" level="FAIL">WebDriverException: Message: Failed to decode response from marionette
</msg>
<status status="FAIL" starttime="20210204 19:40:34.790" endtime="20210204 19:40:42.485"></status>
</kw>
<status status="FAIL" starttime="20210204 19:39:51.266" endtime="20210204 19:40:42.486" critical="yes">WebDriverException: Message: Failed to decode response from marionette
</status>
</test>
<status status="FAIL" starttime="20210204 19:36:34.975" endtime="20210204 19:40:42.489"></status>
</suite>
<statistics>
<total>
<stat pass="2" fail="2">Critical Tests</stat>
<stat pass="2" fail="2">All Tests</stat>
</total>
<tag>
</tag>
<suite>
<stat pass="2" fail="2" id="s1" name="Test1">Test1</stat>
</suite>
</statistics>
<errors>
<msg timestamp="20210204 19:40:41.706" level="WARN">Keyword 'Capture Page Screenshot' could not be run on failure: InvalidSessionIdException: Message: Tried to run command without establishing a connection
</msg>
</errors>
</robot>
